 R1=$0000 R2=$FAF1 R3=$FC82
SP=$FC72 [*** BREAK INTO MONITOR AT $0078 ***
R0=$FB4A R1=$0000 R2=$FAF1 R3=$FC7E
SP=$FC6E [*** BREAK INTO MONITOR AT $0078 ***
R0=$FB4A R1=$0000 R2=$FAF1 R3=$FC7A
SP=$FC6A [*** BREAK INTO MONITOR AT $0078 ***
R0=$FB4A R1=$0000 R2=$FAF1 R3=$FC76
SP=$FC66 [*** BREAK INTO MONITOR AT $0078 ***
R0=$FB4A R1=$0000 R2=$FAF1 R3=$FC72
SP=$FC62 [*** BREAK INTO MONITOR AT $0078 ***
R0=$FB4A R1=$0000 R2=$FAF1 R3=$FC6E
SP=$FC5E [*** BREAK INTO MONITOR AT $0078 ***
R0=$FB4A R1=$0000 R2=$FAF1 R3=$FC6A
SP=$FC5A [*** BREAK INTO MONITOR AT $0078 ***
R0=$FB4A R1=$0000 R2=$FAF1 R3=$FC66
SP=$FC56 [*** BREAK INTO MONITOR AT $0078 ***
R0=$FB4A R1=$0000 R2=$FAF1 R3=$FC62
SP=$FC52 [*** BREAK INTO MONITOR AT $0078 ***
R0=$FB4A R1=$0000 R2=$FAF1 R3=$FC5E
SP=$FC4E [*** BREAK INTO MONITOR AT $0078 ***
R0=$FB4A R1=$0000 R2=$FAF1 R3=$FC5A
SP=$FC4A [*** BREAK INTO MONITOR AT $0078 ***
R0=$FB4A R1=$0000 R2=$FAF1 R3=$FC56
SP=$FC46 [*** BREAK INTO MONITOR AT $0078 ***
R0=$FB4A R1=$0000 R2=$FAF1 R3=$FC52
SP=$FC42 [*** BREAK INTO MONITOR AT $0078 ***
R0=$FB4A R1=$0000 R2=$FAF1 R3=$FC4E
SP=$FC3E [*** BREAK INTO MONITOR AT $0078 ***
R0=$FB4A R1=$0000 R2=$FAF1 R3=$FC4A
SP=$FC3A [*** BREAK INTO MONITOR AT $0078 ***
R0=$FB4A R1=$0000 R2=$FAF1 R3=$FC46
SP=$FC36 [*** BREAK INTO MONITOR AT $0078 ***
R0=$FB4A R1=$0000 R2=$